<?xml version="1.0" encoding="UTF-8"?>
<!-- Generated by org.testng.reporters.JUnitReportReporter -->
<testsuite skipped="0" hostname="LAPTOP-D487ETE2" name="testClasses.TestClass1" tests="1" failures="0" timestamp="2021-10-27T08:14:04 IST" time="0.011" errors="0">
  <testcase name="test1" time="0.011" classname="testClasses.TestClass1"/>
</testsuite> <!-- testClasses.TestClass1 -->
